  Origem.cpp
D:\Backup\Documents\Acadêmico\unisinos\4 semestre\2022_01 processamento gráfico\Projetos\Trabalhos\PG-TGB (entregue)\PG-TGB-Trabalho\Origem.cpp(72,93): warning C4244: '=': conversão de 'double' para 'uchar', possível perda de dados
D:\Backup\Documents\Acadêmico\unisinos\4 semestre\2022_01 processamento gráfico\Projetos\Trabalhos\PG-TGB (entregue)\PG-TGB-Trabalho\Origem.cpp(85,54): warning C4244: 'argumento': conversão de 'double' para '_Tp', possível perda de dados
          with
          [
              _Tp=int
          ]
D:\Backup\Documents\Acadêmico\unisinos\4 semestre\2022_01 processamento gráfico\Projetos\Trabalhos\PG-TGB (entregue)\PG-TGB-Trabalho\Origem.cpp(85,47): warning C4244: 'argumento': conversão de 'double' para '_Tp', possível perda de dados
          with
          [
              _Tp=int
          ]
D:\Backup\Documents\Acadêmico\unisinos\4 semestre\2022_01 processamento gráfico\Projetos\Trabalhos\PG-TGB (entregue)\PG-TGB-Trabalho\Origem.cpp(89,54): warning C4244: 'argumento': conversão de 'double' para '_Tp', possível perda de dados
          with
          [
              _Tp=int
          ]
D:\Backup\Documents\Acadêmico\unisinos\4 semestre\2022_01 processamento gráfico\Projetos\Trabalhos\PG-TGB (entregue)\PG-TGB-Trabalho\Origem.cpp(89,47): warning C4244: 'argumento': conversão de 'double' para '_Tp', possível perda de dados
          with
          [
              _Tp=int
          ]
D:\Backup\Documents\Acadêmico\unisinos\4 semestre\2022_01 processamento gráfico\Projetos\Trabalhos\PG-TGB (entregue)\PG-TGB-Trabalho\Origem.cpp(93,54): warning C4244: 'argumento': conversão de 'double' para '_Tp', possível perda de dados
          with
          [
              _Tp=int
          ]
D:\Backup\Documents\Acadêmico\unisinos\4 semestre\2022_01 processamento gráfico\Projetos\Trabalhos\PG-TGB (entregue)\PG-TGB-Trabalho\Origem.cpp(93,47): warning C4244: 'argumento': conversão de 'double' para '_Tp', possível perda de dados
          with
          [
              _Tp=int
          ]
D:\Backup\Documents\Acadêmico\unisinos\4 semestre\2022_01 processamento gráfico\Projetos\Trabalhos\PG-TGB (entregue)\PG-TGB-Trabalho\Origem.cpp(122,55): warning C4244: 'argumento': conversão de 'double' para '_Tp', possível perda de dados
          with
          [
              _Tp=int
          ]
D:\Backup\Documents\Acadêmico\unisinos\4 semestre\2022_01 processamento gráfico\Projetos\Trabalhos\PG-TGB (entregue)\PG-TGB-Trabalho\Origem.cpp(122,48): warning C4244: 'argumento': conversão de 'double' para '_Tp', possível perda de dados
          with
          [
              _Tp=int
          ]
D:\Backup\Documents\Acadêmico\unisinos\4 semestre\2022_01 processamento gráfico\Projetos\Trabalhos\PG-TGB (entregue)\PG-TGB-Trabalho\Origem.cpp(123,55): warning C4244: 'argumento': conversão de 'double' para '_Tp', possível perda de dados
          with
          [
              _Tp=int
          ]
D:\Backup\Documents\Acadêmico\unisinos\4 semestre\2022_01 processamento gráfico\Projetos\Trabalhos\PG-TGB (entregue)\PG-TGB-Trabalho\Origem.cpp(123,48): warning C4244: 'argumento': conversão de 'double' para '_Tp', possível perda de dados
          with
          [
              _Tp=int
          ]
D:\Backup\Documents\Acadêmico\unisinos\4 semestre\2022_01 processamento gráfico\Projetos\Trabalhos\PG-TGB (entregue)\PG-TGB-Trabalho\Origem.cpp(124,55): warning C4244: 'argumento': conversão de 'double' para '_Tp', possível perda de dados
          with
          [
              _Tp=int
          ]
D:\Backup\Documents\Acadêmico\unisinos\4 semestre\2022_01 processamento gráfico\Projetos\Trabalhos\PG-TGB (entregue)\PG-TGB-Trabalho\Origem.cpp(124,48): warning C4244: 'argumento': conversão de 'double' para '_Tp', possível perda de dados
          with
          [
              _Tp=int
          ]
D:\Backup\Documents\Acadêmico\unisinos\4 semestre\2022_01 processamento gráfico\Projetos\Trabalhos\PG-TGB (entregue)\PG-TGB-Trabalho\Origem.cpp(125,55): warning C4244: 'argumento': conversão de 'double' para '_Tp', possível perda de dados
          with
          [
              _Tp=int
          ]
D:\Backup\Documents\Acadêmico\unisinos\4 semestre\2022_01 processamento gráfico\Projetos\Trabalhos\PG-TGB (entregue)\PG-TGB-Trabalho\Origem.cpp(125,48): warning C4244: 'argumento': conversão de 'double' para '_Tp', possível perda de dados
          with
          [
              _Tp=int
          ]
D:\Backup\Documents\Acadêmico\unisinos\4 semestre\2022_01 processamento gráfico\Projetos\Trabalhos\PG-TGB (entregue)\PG-TGB-Trabalho\Origem.cpp(126,55): warning C4244: 'argumento': conversão de 'double' para '_Tp', possível perda de dados
          with
          [
              _Tp=int
          ]
D:\Backup\Documents\Acadêmico\unisinos\4 semestre\2022_01 processamento gráfico\Projetos\Trabalhos\PG-TGB (entregue)\PG-TGB-Trabalho\Origem.cpp(126,48): warning C4244: 'argumento': conversão de 'double' para '_Tp', possível perda de dados
          with
          [
              _Tp=int
          ]
D:\Backup\Documents\Acadêmico\unisinos\4 semestre\2022_01 processamento gráfico\Projetos\Trabalhos\PG-TGB (entregue)\PG-TGB-Trabalho\Origem.cpp(127,55): warning C4244: 'argumento': conversão de 'double' para '_Tp', possível perda de dados
          with
          [
              _Tp=int
          ]
D:\Backup\Documents\Acadêmico\unisinos\4 semestre\2022_01 processamento gráfico\Projetos\Trabalhos\PG-TGB (entregue)\PG-TGB-Trabalho\Origem.cpp(127,48): warning C4244: 'argumento': conversão de 'double' para '_Tp', possível perda de dados
          with
          [
              _Tp=int
          ]
D:\Backup\Documents\Acadêmico\unisinos\4 semestre\2022_01 processamento gráfico\Projetos\Trabalhos\PG-TGB (entregue)\PG-TGB-Trabalho\Origem.cpp(128,55): warning C4244: 'argumento': conversão de 'double' para '_Tp', possível perda de dados
          with
          [
              _Tp=int
          ]
D:\Backup\Documents\Acadêmico\unisinos\4 semestre\2022_01 processamento gráfico\Projetos\Trabalhos\PG-TGB (entregue)\PG-TGB-Trabalho\Origem.cpp(128,48): warning C4244: 'argumento': conversão de 'double' para '_Tp', possível perda de dados
          with
          [
              _Tp=int
          ]
D:\Backup\Documents\Acadêmico\unisinos\4 semestre\2022_01 processamento gráfico\Projetos\Trabalhos\PG-TGB (entregue)\PG-TGB-Trabalho\Origem.cpp(129,55): warning C4244: 'argumento': conversão de 'double' para '_Tp', possível perda de dados
          with
          [
              _Tp=int
          ]
D:\Backup\Documents\Acadêmico\unisinos\4 semestre\2022_01 processamento gráfico\Projetos\Trabalhos\PG-TGB (entregue)\PG-TGB-Trabalho\Origem.cpp(129,48): warning C4244: 'argumento': conversão de 'double' para '_Tp', possível perda de dados
          with
          [
              _Tp=int
          ]
D:\Backup\Documents\Acadêmico\unisinos\4 semestre\2022_01 processamento gráfico\Projetos\Trabalhos\PG-TGB (entregue)\PG-TGB-Trabalho\Origem.cpp(130,55): warning C4244: 'argumento': conversão de 'double' para '_Tp', possível perda de dados
          with
          [
              _Tp=int
          ]
D:\Backup\Documents\Acadêmico\unisinos\4 semestre\2022_01 processamento gráfico\Projetos\Trabalhos\PG-TGB (entregue)\PG-TGB-Trabalho\Origem.cpp(130,48): warning C4244: 'argumento': conversão de 'double' para '_Tp', possível perda de dados
          with
          [
              _Tp=int
          ]
D:\Backup\Documents\Acadêmico\unisinos\4 semestre\2022_01 processamento gráfico\Projetos\Trabalhos\PG-TGB (entregue)\PG-TGB-Trabalho\Origem.cpp(131,56): warning C4244: 'argumento': conversão de 'double' para '_Tp', possível perda de dados
          with
          [
              _Tp=int
          ]
D:\Backup\Documents\Acadêmico\unisinos\4 semestre\2022_01 processamento gráfico\Projetos\Trabalhos\PG-TGB (entregue)\PG-TGB-Trabalho\Origem.cpp(131,49): warning C4244: 'argumento': conversão de 'double' para '_Tp', possível perda de dados
          with
          [
              _Tp=int
          ]
D:\Backup\Documents\Acadêmico\unisinos\4 semestre\2022_01 processamento gráfico\Projetos\Trabalhos\PG-TGB (entregue)\PG-TGB-Trabalho\Origem.cpp(140,57): warning C4244: 'argumento': conversão de 'double' para '_Tp', possível perda de dados
          with
          [
              _Tp=int
          ]
D:\Backup\Documents\Acadêmico\unisinos\4 semestre\2022_01 processamento gráfico\Projetos\Trabalhos\PG-TGB (entregue)\PG-TGB-Trabalho\Origem.cpp(140,50): warning C4244: 'argumento': conversão de 'double' para '_Tp', possível perda de dados
          with
          [
              _Tp=int
          ]
D:\Backup\Documents\Acadêmico\unisinos\4 semestre\2022_01 processamento gráfico\Projetos\Trabalhos\PG-TGB (entregue)\PG-TGB-Trabalho\Origem.cpp(144,56): warning C4244: 'argumento': conversão de 'double' para '_Tp', possível perda de dados
          with
          [
              _Tp=int
          ]
D:\Backup\Documents\Acadêmico\unisinos\4 semestre\2022_01 processamento gráfico\Projetos\Trabalhos\PG-TGB (entregue)\PG-TGB-Trabalho\Origem.cpp(144,49): warning C4244: 'argumento': conversão de 'double' para '_Tp', possível perda de dados
          with
          [
              _Tp=int
          ]
D:\Backup\Documents\Acadêmico\unisinos\4 semestre\2022_01 processamento gráfico\Projetos\Trabalhos\PG-TGB (entregue)\PG-TGB-Trabalho\Origem.cpp(148,60): warning C4244: 'argumento': conversão de 'double' para '_Tp', possível perda de dados
          with
          [
              _Tp=int
          ]
D:\Backup\Documents\Acadêmico\unisinos\4 semestre\2022_01 processamento gráfico\Projetos\Trabalhos\PG-TGB (entregue)\PG-TGB-Trabalho\Origem.cpp(148,53): warning C4244: 'argumento': conversão de 'double' para '_Tp', possível perda de dados
          with
          [
              _Tp=int
          ]
D:\Backup\Documents\Acadêmico\unisinos\4 semestre\2022_01 processamento gráfico\Projetos\Trabalhos\PG-TGB (entregue)\PG-TGB-Trabalho\Origem.cpp(152,53): warning C4244: 'argumento': conversão de 'double' para '_Tp', possível perda de dados
          with
          [
              _Tp=int
          ]
D:\Backup\Documents\Acadêmico\unisinos\4 semestre\2022_01 processamento gráfico\Projetos\Trabalhos\PG-TGB (entregue)\PG-TGB-Trabalho\Origem.cpp(152,46): warning C4244: 'argumento': conversão de 'double' para '_Tp', possível perda de dados
          with
          [
              _Tp=int
          ]
D:\Backup\Documents\Acadêmico\unisinos\4 semestre\2022_01 processamento gráfico\Projetos\Trabalhos\PG-TGB (entregue)\PG-TGB-Trabalho\Origem.cpp(156,61): warning C4244: 'argumento': conversão de 'double' para '_Tp', possível perda de dados
          with
          [
              _Tp=int
          ]
D:\Backup\Documents\Acadêmico\unisinos\4 semestre\2022_01 processamento gráfico\Projetos\Trabalhos\PG-TGB (entregue)\PG-TGB-Trabalho\Origem.cpp(156,54): warning C4244: 'argumento': conversão de 'double' para '_Tp', possível perda de dados
          with
          [
              _Tp=int
          ]
D:\Backup\Documents\Acadêmico\unisinos\4 semestre\2022_01 processamento gráfico\Projetos\Trabalhos\PG-TGB (entregue)\PG-TGB-Trabalho\Origem.cpp(161,52): warning C4244: 'argumento': conversão de 'double' para '_Tp', possível perda de dados
          with
          [
              _Tp=int
          ]
D:\Backup\Documents\Acadêmico\unisinos\4 semestre\2022_01 processamento gráfico\Projetos\Trabalhos\PG-TGB (entregue)\PG-TGB-Trabalho\Origem.cpp(161,45): warning C4244: 'argumento': conversão de 'double' para '_Tp', possível perda de dados
          with
          [
              _Tp=int
          ]
D:\Backup\Documents\Acadêmico\unisinos\4 semestre\2022_01 processamento gráfico\Projetos\Trabalhos\PG-TGB (entregue)\PG-TGB-Trabalho\Origem.cpp(286,52): warning C4244: 'argumento': conversão de 'double' para '_Tp', possível perda de dados
          with
          [
              _Tp=int
          ]
D:\Backup\Documents\Acadêmico\unisinos\4 semestre\2022_01 processamento gráfico\Projetos\Trabalhos\PG-TGB (entregue)\PG-TGB-Trabalho\Origem.cpp(286,45): warning C4244: 'argumento': conversão de 'double' para '_Tp', possível perda de dados
          with
          [
              _Tp=int
          ]
  PG-TGB-Trabalho.vcxproj -> D:\Backup\Documents\Acadêmico\unisinos\4 semestre\2022_01 processamento gráfico\Projetos\Trabalhos\PG-TGB (entregue)\Debug\PG-TGB-Trabalho.exe
